c:\users\miguel\desktop\documents\visual studio 2013\projects\frogger\debug\vc120.pdb
c:\users\miguel\desktop\documents\visual studio 2013\projects\frogger\debug\vc120.idb
c:\users\miguel\desktop\documents\visual studio 2013\projects\frogger\debug\entity.obj
c:\users\miguel\desktop\documents\visual studio 2013\projects\frogger\debug\frog.obj
c:\users\miguel\desktop\documents\visual studio 2013\projects\frogger\debug\gamemanager.obj
c:\users\miguel\desktop\documents\visual studio 2013\projects\frogger\debug\gameobject.obj
c:\users\miguel\desktop\documents\visual studio 2013\projects\frogger\debug\globallight.obj
c:\users\miguel\desktop\documents\visual studio 2013\projects\frogger\debug\lamppost.obj
c:\users\miguel\desktop\documents\visual studio 2013\projects\frogger\debug\light.obj
c:\users\miguel\desktop\documents\visual studio 2013\projects\frogger\debug\mobilecam.obj
c:\users\miguel\desktop\documents\visual studio 2013\projects\frogger\debug\orthocam.obj
c:\users\miguel\desktop\documents\visual studio 2013\projects\frogger\debug\perspectivecam.obj
c:\users\miguel\desktop\documents\visual studio 2013\projects\frogger\debug\river.obj
c:\users\miguel\desktop\documents\visual studio 2013\projects\frogger\debug\riverside.obj
c:\users\miguel\desktop\documents\visual studio 2013\projects\frogger\debug\road.obj
c:\users\miguel\desktop\documents\visual studio 2013\projects\frogger\debug\roadside.obj
c:\users\miguel\desktop\documents\visual studio 2013\projects\frogger\debug\spotlight.obj
c:\users\miguel\desktop\documents\visual studio 2013\projects\frogger\debug\staticobject.obj
c:\users\miguel\desktop\documents\visual studio 2013\projects\frogger\debug\timberlog.obj
c:\users\miguel\desktop\documents\visual studio 2013\projects\frogger\debug\turtle.obj
c:\users\miguel\desktop\documents\visual studio 2013\projects\frogger\debug\uplamp.obj
c:\users\miguel\desktop\documents\visual studio 2013\projects\frogger\debug\vector3.obj
c:\users\miguel\desktop\documents\visual studio 2013\projects\frogger\debug\bus.obj
c:\users\miguel\desktop\documents\visual studio 2013\projects\frogger\debug\camera.obj
c:\users\miguel\desktop\documents\visual studio 2013\projects\frogger\debug\car.obj
c:\users\miguel\desktop\documents\visual studio 2013\projects\frogger\debug\centerlamp.obj
c:\users\miguel\desktop\documents\visual studio 2013\projects\frogger\debug\downlamp.obj
c:\users\miguel\desktop\documents\visual studio 2013\projects\frogger\debug\dynamicobject.obj
c:\users\miguel\dropbox\cg\frogger\debug\vc120.pdb
c:\users\miguel\dropbox\cg\frogger\debug\vc120.idb
c:\users\miguel\dropbox\cg\frogger\debug\entity.obj
c:\users\miguel\dropbox\cg\frogger\debug\frog.obj
c:\users\miguel\dropbox\cg\frogger\debug\gamemanager.obj
c:\users\miguel\dropbox\cg\frogger\debug\gameobject.obj
c:\users\miguel\dropbox\cg\frogger\debug\globallight.obj
c:\users\miguel\dropbox\cg\frogger\debug\lamppost.obj
c:\users\miguel\dropbox\cg\frogger\debug\light.obj
c:\users\miguel\dropbox\cg\frogger\debug\mobilecam.obj
c:\users\miguel\dropbox\cg\frogger\debug\orthocam.obj
c:\users\miguel\dropbox\cg\frogger\debug\perspectivecam.obj
c:\users\miguel\dropbox\cg\frogger\debug\river.obj
c:\users\miguel\dropbox\cg\frogger\debug\riverside.obj
c:\users\miguel\dropbox\cg\frogger\debug\road.obj
c:\users\miguel\dropbox\cg\frogger\debug\roadside.obj
c:\users\miguel\dropbox\cg\frogger\debug\spotlight.obj
c:\users\miguel\dropbox\cg\frogger\debug\staticobject.obj
c:\users\miguel\dropbox\cg\frogger\debug\timberlog.obj
c:\users\miguel\dropbox\cg\frogger\debug\turtle.obj
c:\users\miguel\dropbox\cg\frogger\debug\uplamp.obj
c:\users\miguel\dropbox\cg\frogger\debug\vector3.obj
c:\users\miguel\dropbox\cg\frogger\debug\bus.obj
c:\users\miguel\dropbox\cg\frogger\debug\camera.obj
c:\users\miguel\dropbox\cg\frogger\debug\car.obj
c:\users\miguel\dropbox\cg\frogger\debug\centerlamp.obj
c:\users\miguel\dropbox\cg\frogger\debug\downlamp.obj
c:\users\miguel\dropbox\cg\frogger\debug\dynamicobject.obj
c:\users\miguel\dropbox\cg\frogger\debug\frogger.ilk
c:\users\miguel\dropbox\cg\frogger\debug\frogger.exe
c:\users\miguel\dropbox\cg\frogger\debug\frogger.pdb
c:\users\miguel\desktop\documents\visual studio 2013\projects\frogger\debug\frogger.ilk
c:\users\miguel\desktop\documents\visual studio 2013\projects\frogger\debug\frogger.exe
c:\users\miguel\desktop\documents\visual studio 2013\projects\frogger\debug\frogger.pdb
c:\users\miguel\desktop\documents\visual studio 2013\projects\frogger\debug\frogger.tlog\cl.command.1 (miguel pires's conflicted copy 2014-10-02).tlog
c:\users\miguel\desktop\documents\visual studio 2013\projects\frogger\debug\frogger.tlog\cl.command.1.tlog
c:\users\miguel\desktop\documents\visual studio 2013\projects\frogger\debug\frogger.tlog\cl.read.1.tlog
c:\users\miguel\desktop\documents\visual studio 2013\projects\frogger\debug\frogger.tlog\cl.write.1 (miguel pires's conflicted copy 2014-10-09).tlog
c:\users\miguel\desktop\documents\visual studio 2013\projects\frogger\debug\frogger.tlog\cl.write.1.tlog
c:\users\miguel\desktop\documents\visual studio 2013\projects\frogger\debug\frogger.tlog\link.command.1 (miguel pires's conflicted copy 2014-10-02).tlog
c:\users\miguel\desktop\documents\visual studio 2013\projects\frogger\debug\frogger.tlog\link.command.1.tlog
c:\users\miguel\desktop\documents\visual studio 2013\projects\frogger\debug\frogger.tlog\link.read.1.tlog
c:\users\miguel\desktop\documents\visual studio 2013\projects\frogger\debug\frogger.tlog\link.write.1.tlog
